<?xml version="1.0" encoding="UTF-8"?>
<!-- Generated by org.testng.reporters.JUnitReportReporter -->
<testsuite skipped="0" hostname="DESKTOP-DVQ4NRO" name="getRequest.GetData" tests="2" failures="0" timestamp="2022-05-28T12:36:02 IST" time="3.472" errors="0">
  <testcase name="getData" time="0.014" classname="getRequest.GetData"/>
  <system-out/>
  <testcase name="testResponseCode" time="3.458" classname="getRequest.GetData"/>
  <system-out/>
</testsuite> <!-- getRequest.GetData -->
