<?xml version="1.0" encoding="UTF-8"?>
<!-- Generated by org.testng.reporters.JUnitReportReporter -->
<testsuite skipped="0" hostname="DESKTOP-HQF7G17" name="TestPage.ProgramTest" tests="2" failures="0" timestamp="2022-01-19T14:36:11 IST" time="0.027" errors="0">
  <testcase name="test2" time="0.023" classname="TestPage.ProgramTest"/>
  <system-out/>
  <testcase name="test1" time="0.004" classname="TestPage.ProgramTest"/>
  <system-out/>
</testsuite> <!-- TestPage.ProgramTest -->
