<?xml version="1.0" encoding="UTF-8"?>
<!-- Generated by org.testng.reporters.JUnitReportReporter -->
<testsuite skipped="0" hostname="DESKTOP-HQF7G17" name="TestPage.amazonLeastPriceBook" tests="1" failures="0" timestamp="2021-08-26T11:52:39 IST" time="67.652" errors="0">
  <testcase name="test1" time="67.652" classname="TestPage.amazonLeastPriceBook"/>
  <system-out/>
</testsuite> <!-- TestPage.amazonLeastPriceBook -->
