<?xml version="1.0" encoding="UTF-8"?>
<!-- Generated by org.testng.reporters.JUnitReportReporter -->
<testsuite skipped="0" hostname="DESKTOP-HQF7G17" name="amz.Login" tests="1" failures="0" timestamp="2021-06-13T15:02:26 IST" time="44.497" errors="0">
  <testcase name="test1" time="44.497" classname="amz.Login"/>
  <system-out/>
</testsuite> <!-- amz.Login -->
