<?xml version="1.0" encoding="UTF-8"?>
<!-- Generated by org.testng.reporters.JUnitReportReporter -->
<testsuite skipped="0" hostname="DESKTOP-HQF7G17" name="test.WeatherApi" tests="1" failures="0" timestamp="2021-01-17T19:27:31 IST" time="7.011" errors="0">
  <testcase name="getweatherDetails" time="7.011" classname="test.WeatherApi"/>
  <system-out/>
</testsuite> <!-- test.WeatherApi -->
