<?xml version="1.0" encoding="UTF-8"?>
<!-- Generated by org.testng.reporters.JUnitReportReporter -->
<testsuite skipped="0" hostname="DESKTOP-HQF7G17" name="test.restPostTestCase" tests="1" failures="0" timestamp="2021-01-22T18:01:09 IST" time="6.995" errors="0">
  <testcase name="PostTestCase" time="6.995" classname="test.restPostTestCase"/>
  <system-out/>
</testsuite> <!-- test.restPostTestCase -->
